Mon Oct 26 11:06:57 2020 [1;31mc:/Dev/religious/bible-study-google-form-generator-app/Code.gs(27): error C1999: syntax error.
[2;37;0m
Mon Oct 26 11:06:57 2020 [1;31mc:/Dev/religious/bible-study-google-form-generator-app/Code.gs(27): error C1999: Illegal statement.
[2;37;0m
Mon Oct 26 11:06:57 2020 [1;31mc:/Dev/religious/bible-study-google-form-generator-app/Code.gs(28): error C1999: syntax error.
[2;37;0m
Mon Oct 26 11:06:57 2020 [1;31mc:/Dev/religious/bible-study-google-form-generator-app/Code.gs(28): error C1999: Illegal statement.
[2;37;0m
Mon Oct 26 11:06:57 2020 [1;31mc:/Dev/religious/bible-study-google-form-generator-app/Code.gs(29): error C1999: syntax error.
[2;37;0m
Mon Oct 26 11:06:57 2020 [1;31mc:/Dev/religious/bible-study-google-form-generator-app/Code.gs(29): error C1999: Illegal statement.
[2;37;0m
Mon Oct 26 11:06:57 2020 [1;31mc:/Dev/religious/bible-study-google-form-generator-app/Code.gs(30): error C1999: syntax error.
[2;37;0m
Mon Oct 26 11:06:57 2020 [1;31mc:/Dev/religious/bible-study-google-form-generator-app/Code.gs(30): error C1999: Illegal statement.
[2;37;0m
Mon Oct 26 11:06:57 2020 [1;31mc:/Dev/religious/bible-study-google-form-generator-app/Code.gs(33): error C1999: syntax error.
[2;37;0m
Mon Oct 26 11:06:57 2020 [1;31mc:/Dev/religious/bible-study-google-form-generator-app/Code.gs(33): error C1999: Illegal statement.
[2;37;0m
Mon Oct 26 11:06:57 2020 [1;31mc:/Dev/religious/bible-study-google-form-generator-app/Code.gs(34): error C1999: syntax error.
[2;37;0m
Mon Oct 26 11:06:57 2020 [1;31mc:/Dev/religious/bible-study-google-form-generator-app/Code.gs(34): error C1999: Illegal statement.
[2;37;0m
Mon Oct 26 11:06:57 2020 [1;31mc:/Dev/religious/bible-study-google-form-generator-app/Code.gs(35): error C1999: syntax error.
[2;37;0m
Mon Oct 26 11:06:57 2020 [1;31mc:/Dev/religious/bible-study-google-form-generator-app/Code.gs(35): error C1999: Illegal statement.
[2;37;0m
Mon Oct 26 11:06:57 2020 [1;31mc:/Dev/religious/bible-study-google-form-generator-app/Code.gs(36): error C1999: syntax error.
[2;37;0m
Mon Oct 26 11:06:57 2020 [1;31mc:/Dev/religious/bible-study-google-form-generator-app/Code.gs(36): error C1999: Illegal statement.
[2;37;0m
Mon Oct 26 11:06:57 2020 [1;31mc:/Dev/religious/bible-study-google-form-generator-app/Code.gs(37): error C1999: syntax error.
[2;37;0m
Mon Oct 26 11:06:57 2020 [1;31mc:/Dev/religious/bible-study-google-form-generator-app/Code.gs(37): error C1999: Illegal statement.
[2;37;0m
Mon Oct 26 11:06:57 2020 [1;31mc:/Dev/religious/bible-study-google-form-generator-app/Code.gs(38): error C1999: syntax error.
[2;37;0m
Mon Oct 26 11:06:57 2020 [1;31mc:/Dev/religious/bible-study-google-form-generator-app/Code.gs(38): error C1999: Illegal statement.
[2;37;0m
Mon Oct 26 11:06:57 2020 [1;31mc:/Dev/religious/bible-study-google-form-generator-app/Code.gs(39): error C1999: syntax error.
[2;37;0m
Mon Oct 26 11:06:57 2020 [1;31mc:/Dev/religious/bible-study-google-form-generator-app/Code.gs(39): error C1999: Illegal statement.
[2;37;0m
Mon Oct 26 11:06:57 2020 [1;31mc:/Dev/religious/bible-study-google-form-generator-app/Code.gs(55): error C1999: syntax error.
[2;37;0m
Mon Oct 26 11:06:57 2020 [1;31mc:/Dev/religious/bible-study-google-form-generator-app/Code.gs(55): error C1999: Illegal statement.
[2;37;0m
Mon Oct 26 11:06:57 2020 [1;31mc:/Dev/religious/bible-study-google-form-generator-app/Code.gs(55): error C1999: syntax error.
[2;37;0m
Mon Oct 26 11:06:57 2020 [1;31mc:/Dev/religious/bible-study-google-form-generator-app/Code.gs(55): error C1999: Illegal statement.
[2;37;0m
Mon Oct 26 11:06:57 2020 [1;31mc:/Dev/religious/bible-study-google-form-generator-app/Code.gs(65): error C1999: syntax error.
[2;37;0m
Mon Oct 26 11:06:57 2020 [1;31mc:/Dev/religious/bible-study-google-form-generator-app/Code.gs(65): error C1999: Illegal statement.
[2;37;0m
Mon Oct 26 11:06:57 2020 [1;31mc:/Dev/religious/bible-study-google-form-generator-app/Code.gs(66): error C1999: syntax error.
[2;37;0m
Mon Oct 26 11:06:57 2020 [1;31mc:/Dev/religious/bible-study-google-form-generator-app/Code.gs(66): error C1999: Illegal statement.
[2;37;0m
Mon Oct 26 11:06:57 2020 [1;31mc:/Dev/religious/bible-study-google-form-generator-app/Code.gs(80): error C1999: syntax error.
[2;37;0m
Mon Oct 26 11:06:57 2020 [1;31mc:/Dev/religious/bible-study-google-form-generator-app/Code.gs(80): error C1999: Invalid function prototype, missing return type.
[2;37;0m
Mon Oct 26 11:06:57 2020 [1;31mc:/Dev/religious/bible-study-google-form-generator-app/Code.gs(80): error C1999: Bad function body, expected "{ ... }".
[2;37;0m
Mon Oct 26 11:06:57 2020 [1;31mc:/Dev/religious/bible-study-google-form-generator-app/Code.gs(80): error C1999: Illegal statement.
[2;37;0m
Mon Oct 26 11:06:57 2020 [1;31mc:/Dev/religious/bible-study-google-form-generator-app/Code.gs(107): error C1999: syntax error.
[2;37;0m
Mon Oct 26 11:06:57 2020 [1;31mc:/Dev/religious/bible-study-google-form-generator-app/Code.gs(107): error C1999: Illegal statement.
[2;37;0m
Mon Oct 26 11:06:57 2020 [1;31mc:/Dev/religious/bible-study-google-form-generator-app/Code.gs(111): error C1999: Do not support code block, it's conflict with map creating, please try 'do { block }'; 
[2;37;0m
Mon Oct 26 11:06:57 2020 [1;31mc:/Dev/religious/bible-study-google-form-generator-app/Code.gs(112): error C1999: syntax error.
[2;37;0m
Mon Oct 26 11:06:57 2020 [1;31mc:/Dev/religious/bible-study-google-form-generator-app/Code.gs(112): error C1999: Illegal statement.
[2;37;0m
Mon Oct 26 11:06:57 2020 [1;31mc:/Dev/religious/bible-study-google-form-generator-app/Code.gs(114): error C1999: Do not support code block, it's conflict with map creating, please try 'do { block }'; 
[2;37;0m
Mon Oct 26 11:06:57 2020  At /Code.gs
Mon Oct 26 11:06:57 2020 [1;31mc:/Dev/religious/bible-study-google-form-generator-app/Code.gs(27): error C1999: syntax error.
[2;37;0m
Mon Oct 26 11:06:57 2020 [1;31mc:/Dev/religious/bible-study-google-form-generator-app/Code.gs(27): error C1999: Illegal statement.
[2;37;0m
Mon Oct 26 11:06:57 2020 [1;31mc:/Dev/religious/bible-study-google-form-generator-app/Code.gs(28): error C1999: syntax error.
[2;37;0m
Mon Oct 26 11:06:57 2020 [1;31mc:/Dev/religious/bible-study-google-form-generator-app/Code.gs(28): error C1999: Illegal statement.
[2;37;0m
Mon Oct 26 11:06:57 2020 [1;31mc:/Dev/religious/bible-study-google-form-generator-app/Code.gs(29): error C1999: syntax error.
[2;37;0m
Mon Oct 26 11:06:57 2020 [1;31mc:/Dev/religious/bible-study-google-form-generator-app/Code.gs(29): error C1999: Illegal statement.
[2;37;0m
Mon Oct 26 11:06:57 2020 [1;31mc:/Dev/religious/bible-study-google-form-generator-app/Code.gs(30): error C1999: syntax error.
[2;37;0m
Mon Oct 26 11:06:57 2020 [1;31mc:/Dev/religious/bible-study-google-form-generator-app/Code.gs(30): error C1999: Illegal statement.
[2;37;0m
Mon Oct 26 11:06:57 2020 [1;31mc:/Dev/religious/bible-study-google-form-generator-app/Code.gs(33): error C1999: syntax error.
[2;37;0m
Mon Oct 26 11:06:57 2020 [1;31mc:/Dev/religious/bible-study-google-form-generator-app/Code.gs(33): error C1999: Illegal statement.
[2;37;0m
Mon Oct 26 11:06:57 2020 [1;31mc:/Dev/religious/bible-study-google-form-generator-app/Code.gs(34): error C1999: syntax error.
[2;37;0m
Mon Oct 26 11:06:57 2020 [1;31mc:/Dev/religious/bible-study-google-form-generator-app/Code.gs(34): error C1999: Illegal statement.
[2;37;0m
Mon Oct 26 11:06:57 2020 [1;31mc:/Dev/religious/bible-study-google-form-generator-app/Code.gs(35): error C1999: syntax error.
[2;37;0m
Mon Oct 26 11:06:57 2020 [1;31mc:/Dev/religious/bible-study-google-form-generator-app/Code.gs(35): error C1999: Illegal statement.
[2;37;0m
Mon Oct 26 11:06:57 2020 [1;31mc:/Dev/religious/bible-study-google-form-generator-app/Code.gs(36): error C1999: syntax error.
[2;37;0m
Mon Oct 26 11:06:57 2020 [1;31mc:/Dev/religious/bible-study-google-form-generator-app/Code.gs(36): error C1999: Illegal statement.
[2;37;0m
Mon Oct 26 11:06:57 2020 [1;31mc:/Dev/religious/bible-study-google-form-generator-app/Code.gs(37): error C1999: syntax error.
[2;37;0m
Mon Oct 26 11:06:57 2020 [1;31mc:/Dev/religious/bible-study-google-form-generator-app/Code.gs(37): error C1999: Illegal statement.
[2;37;0m
Mon Oct 26 11:06:57 2020 [1;31mc:/Dev/religious/bible-study-google-form-generator-app/Code.gs(38): error C1999: syntax error.
[2;37;0m
Mon Oct 26 11:06:57 2020 [1;31mc:/Dev/religious/bible-study-google-form-generator-app/Code.gs(38): error C1999: Illegal statement.
[2;37;0m
Mon Oct 26 11:06:57 2020 [1;31mc:/Dev/religious/bible-study-google-form-generator-app/Code.gs(39): error C1999: syntax error.
[2;37;0m
Mon Oct 26 11:06:57 2020 [1;31mc:/Dev/religious/bible-study-google-form-generator-app/Code.gs(39): error C1999: Illegal statement.
[2;37;0m
Mon Oct 26 11:06:57 2020 [1;31mc:/Dev/religious/bible-study-google-form-generator-app/Code.gs(55): error C1999: syntax error.
[2;37;0m
Mon Oct 26 11:06:57 2020 [1;31mc:/Dev/religious/bible-study-google-form-generator-app/Code.gs(55): error C1999: Illegal statement.
[2;37;0m
Mon Oct 26 11:06:57 2020 [1;31mc:/Dev/religious/bible-study-google-form-generator-app/Code.gs(55): error C1999: syntax error.
[2;37;0m
Mon Oct 26 11:06:57 2020 [1;31mc:/Dev/religious/bible-study-google-form-generator-app/Code.gs(55): error C1999: Illegal statement.
[2;37;0m
Mon Oct 26 11:06:57 2020 [1;31mc:/Dev/religious/bible-study-google-form-generator-app/Code.gs(65): error C1999: syntax error.
[2;37;0m
Mon Oct 26 11:06:57 2020 [1;31mc:/Dev/religious/bible-study-google-form-generator-app/Code.gs(65): error C1999: Illegal statement.
[2;37;0m
Mon Oct 26 11:06:57 2020 [1;31mc:/Dev/religious/bible-study-google-form-generator-app/Code.gs(66): error C1999: syntax error.
[2;37;0m
Mon Oct 26 11:06:57 2020 [1;31mc:/Dev/religious/bible-study-google-form-generator-app/Code.gs(66): error C1999: Illegal statement.
[2;37;0m
Mon Oct 26 11:06:57 2020 [1;31mc:/Dev/religious/bible-study-google-form-generator-app/Code.gs(80): error C1999: syntax error.
[2;37;0m
Mon Oct 26 11:06:57 2020 [1;31mc:/Dev/religious/bible-study-google-form-generator-app/Code.gs(80): error C1999: Invalid function prototype, missing return type.
[2;37;0m
Mon Oct 26 11:06:57 2020 [1;31mc:/Dev/religious/bible-study-google-form-generator-app/Code.gs(80): error C1999: Bad function body, expected "{ ... }".
[2;37;0m
Mon Oct 26 11:06:57 2020 [1;31mc:/Dev/religious/bible-study-google-form-generator-app/Code.gs(80): error C1999: Illegal statement.
[2;37;0m
Mon Oct 26 11:06:57 2020 [1;31mc:/Dev/religious/bible-study-google-form-generator-app/Code.gs(107): error C1999: syntax error.
[2;37;0m
Mon Oct 26 11:06:57 2020 [1;31mc:/Dev/religious/bible-study-google-form-generator-app/Code.gs(107): error C1999: Illegal statement.
[2;37;0m
Mon Oct 26 11:06:57 2020 [1;31mc:/Dev/religious/bible-study-google-form-generator-app/Code.gs(111): error C1999: Do not support code block, it's conflict with map creating, please try 'do { block }'; 
[2;37;0m
Mon Oct 26 11:06:57 2020 [1;31mc:/Dev/religious/bible-study-google-form-generator-app/Code.gs(112): error C1999: syntax error.
[2;37;0m
Mon Oct 26 11:06:57 2020 [1;31mc:/Dev/religious/bible-study-google-form-generator-app/Code.gs(112): error C1999: Illegal statement.
[2;37;0m
Mon Oct 26 11:06:57 2020 [1;31mc:/Dev/religious/bible-study-google-form-generator-app/Code.gs(114): error C1999: Do not support code block, it's conflict with map creating, please try 'do { block }'; 
[2;37;0m
Mon Oct 26 11:06:57 2020  At /Code.gs
